2025-11-09T15:54:23.623Z [CREATE-REQUEST] order=ORD-2025-0001 amount=209.97 currency=EUR method=CARD
2025-11-09T15:54:23.683Z [TIMEOUT/PENDING] order=ORD-2025-0001 paymentId=pay_31fe77e1-ad5c-47b3-a249-c6a189a5f809 -> simulate retry by caller
2025-11-09T15:54:45.873Z [CREATE-REQUEST] order=ORD-1001 amount=100 currency=EUR method=CARD
2025-11-09T15:54:45.874Z [APPROVED] order=ORD-1001 paymentId=pay_4d33cae9-535f-4763-882f-6282b5b7891d auth=DNCZGC
2025-11-09T15:54:47.970Z [CREATE-REQUEST] order=ORD-1001 amount=100 currency=EUR method=CARD
2025-11-09T15:54:47.970Z [APPROVED] order=ORD-1001 paymentId=pay_c04e8076-3486-4cca-8aba-b52bf5ad09ad auth=BG97EM
2025-11-09T15:54:48.129Z [CREATE-REQUEST] order=ORD-1001 amount=100 currency=EUR method=CARD
2025-11-09T15:54:48.145Z [APPROVED] order=ORD-1001 paymentId=pay_a8d3ed7b-4a3c-4178-8fb2-21eb6e0878f8 auth=2L2R2U
2025-11-09T15:54:48.273Z [CREATE-REQUEST] order=ORD-1001 amount=100 currency=EUR method=CARD
2025-11-09T15:54:48.274Z [APPROVED] order=ORD-1001 paymentId=pay_6d6583c9-2592-4a72-8860-e92399c7d0b0 auth=GI1AK7
2025-11-09T15:54:48.390Z [CREATE-REQUEST] order=ORD-1001 amount=100 currency=EUR method=CARD
2025-11-09T15:54:48.390Z [APPROVED] order=ORD-1001 paymentId=pay_f07af900-3d64-4456-a735-307a4f21bb8a auth=RE0X8B
2025-11-09T15:54:54.216Z [CREATE-REQUEST] order=ORD-1001 amount=100 currency=EUR method=CARD
2025-11-09T15:54:54.216Z [APPROVED] order=ORD-1001 paymentId=pay_f8ccb749-76bc-4493-a8b0-b1758cdad906 auth=BOJ3H9
2025-11-09T15:54:56.898Z [CREATE-REQUEST] order=ORD-1001 amount=100 currency=EUR method=CARD
2025-11-09T15:54:56.898Z [APPROVED] order=ORD-1001 paymentId=pay_b2a11284-01be-49fd-931b-506a1d7d9882 auth=OAECZC
2025-11-09T15:54:57.193Z [CREATE-REQUEST] order=ORD-1001 amount=100 currency=EUR method=CARD
2025-11-09T15:54:57.194Z [APPROVED] order=ORD-1001 paymentId=pay_1c2c245d-ea96-4073-a9ec-f77cce4ce024 auth=KLBFHN
2025-11-09T15:54:57.350Z [CREATE-REQUEST] order=ORD-1001 amount=100 currency=EUR method=CARD
2025-11-09T15:54:57.350Z [APPROVED] order=ORD-1001 paymentId=pay_a4c6e073-96ec-4b94-b4a6-fdf19b1b8510 auth=OY2NG9
2025-11-09T15:54:57.485Z [CREATE-REQUEST] order=ORD-1001 amount=100 currency=EUR method=CARD
2025-11-09T15:54:57.485Z [APPROVED] order=ORD-1001 paymentId=pay_b64214a7-2349-4d34-b127-08abc73d4ae7 auth=POJGQS
2025-11-09T15:54:57.631Z [CREATE-REQUEST] order=ORD-1001 amount=100 currency=EUR method=CARD
2025-11-09T15:54:57.631Z [APPROVED] order=ORD-1001 paymentId=pay_788f0615-45fe-486c-86fc-076d8033710e auth=3OZN0N
2025-11-09T15:55:06.038Z [CREATE-REQUEST] order=ORD-1001 amount=100 currency=EUR method=CARD
2025-11-09T15:55:06.039Z [APPROVED] order=ORD-1001 paymentId=pay_25004693-109c-47a6-a5b6-4ab69ce93dc9 auth=P5LWDK
2025-11-09T15:55:06.302Z [CREATE-REQUEST] order=ORD-1001 amount=100 currency=EUR method=CARD
2025-11-09T15:55:06.303Z [APPROVED] order=ORD-1001 paymentId=pay_ef9d9d9d-7df9-413c-aa33-7880ebd57e5e auth=PADHJI
2025-11-09T15:55:50.502Z [CREATE-REQUEST] order=ORD-1001 amount=100 currency=EUR method=CARD
2025-11-09T15:55:50.502Z [APPROVED] order=ORD-1001 paymentId=pay_bab1c039-c16d-41a6-8217-05e867ab9fa0 auth=RNN949
2025-11-09T15:55:58.469Z [CREATE-REQUEST] order=ORD-1001 amount=100 currency=EUR method=CARD
2025-11-09T15:55:58.469Z [APPROVED] order=ORD-1001 paymentId=pay_98fffa7f-ee70-4d6e-a89f-8c8d27771b94 auth=C9N4L4
2025-11-09T15:55:58.623Z [CREATE-REQUEST] order=ORD-1001 amount=100 currency=EUR method=CARD
2025-11-09T15:55:58.623Z [APPROVED] order=ORD-1001 paymentId=pay_85342640-c586-4899-900e-cfef98508c15 auth=DILGNT
2025-11-09T15:55:58.760Z [CREATE-REQUEST] order=ORD-1001 amount=100 currency=EUR method=CARD
2025-11-09T15:55:58.760Z [APPROVED] order=ORD-1001 paymentId=pay_c9364a89-3401-46ed-b8f9-4af20e3845b7 auth=DRN0YH
2025-11-09T15:55:58.912Z [CREATE-REQUEST] order=ORD-1001 amount=100 currency=EUR method=CARD
2025-11-09T15:55:58.912Z [APPROVED] order=ORD-1001 paymentId=pay_3c1c356d-8465-4445-bbc7-db6433a1982a auth=XFU5O2
2025-11-09T15:55:59.050Z [CREATE-REQUEST] order=ORD-1001 amount=100 currency=EUR method=CARD
2025-11-09T15:55:59.051Z [APPROVED] order=ORD-1001 paymentId=pay_1d7796db-a142-452f-a01e-f823cda3862b auth=ZX9HOU
2025-11-09T15:55:59.179Z [CREATE-REQUEST] order=ORD-1001 amount=100 currency=EUR method=CARD
2025-11-09T15:55:59.180Z [APPROVED] order=ORD-1001 paymentId=pay_c4023de7-5f2e-4849-a880-0fc57cd0b504 auth=2W2ZJN
2025-11-09T15:55:59.299Z [CREATE-REQUEST] order=ORD-1001 amount=100 currency=EUR method=CARD
2025-11-09T15:55:59.299Z [APPROVED] order=ORD-1001 paymentId=pay_8dbf445f-1af1-4b9c-a1df-e5c55d887152 auth=VZEO1U
2025-11-09T15:55:59.437Z [CREATE-REQUEST] order=ORD-1001 amount=100 currency=EUR method=CARD
2025-11-09T15:55:59.437Z [APPROVED] order=ORD-1001 paymentId=pay_69f87b28-7822-4cca-aae9-27c72b907e63 auth=TIG2MY
2025-11-09T15:55:59.575Z [CREATE-REQUEST] order=ORD-1001 amount=100 currency=EUR method=CARD
2025-11-09T15:55:59.576Z [APPROVED] order=ORD-1001 paymentId=pay_a91242b3-7193-462b-a6f0-b9c111c36487 auth=3JBC4T
2025-11-09T15:55:59.708Z [CREATE-REQUEST] order=ORD-1001 amount=100 currency=EUR method=CARD
2025-11-09T15:55:59.709Z [APPROVED] order=ORD-1001 paymentId=pay_bb5cc65e-c15f-413c-8605-89992994f502 auth=CZ5O69
2025-11-09T15:55:59.859Z [CREATE-REQUEST] order=ORD-1001 amount=100 currency=EUR method=CARD
2025-11-09T15:55:59.859Z [APPROVED] order=ORD-1001 paymentId=pay_9096091e-82a3-4af8-922b-d1a0e3efe27a auth=BVE2JJ
2025-11-09T15:55:59.965Z [CREATE-REQUEST] order=ORD-1001 amount=100 currency=EUR method=CARD
2025-11-09T15:55:59.966Z [APPROVED] order=ORD-1001 paymentId=pay_07a46f42-213f-4c03-b7eb-8bc4ce179aee auth=K5YYH7
2025-11-09T15:56:00.091Z [CREATE-REQUEST] order=ORD-1001 amount=100 currency=EUR method=CARD
2025-11-09T15:56:00.092Z [APPROVED] order=ORD-1001 paymentId=pay_79ad6892-efb2-4579-9dd4-084045ffcb3e auth=GGHTSW
2025-11-09T15:56:00.218Z [CREATE-REQUEST] order=ORD-1001 amount=100 currency=EUR method=CARD
2025-11-09T15:56:00.218Z [APPROVED] order=ORD-1001 paymentId=pay_126df57b-4dca-4cf4-846d-0571d0fe05e8 auth=GYNSBL
2025-11-09T15:56:00.342Z [CREATE-REQUEST] order=ORD-1001 amount=100 currency=EUR method=CARD
2025-11-09T15:56:00.342Z [APPROVED] order=ORD-1001 paymentId=pay_5b0e45bc-76be-49c2-a3e0-24547913dd67 auth=CGCAMB
2025-11-09T15:57:43.134Z [CREATE-REQUEST] order=ORD-1001 amount=100 currency=EUR method=CARD
2025-11-09T15:57:43.134Z [APPROVED] order=ORD-1001 paymentId=pay_80983c9e-9735-4d92-a40a-b6d8f2d1704f auth=WF7FW7
